<?xml version="1.0" encoding="UTF-8"?>
<!-- Generated by org.testng.reporters.JUnitReportReporter -->
<testsuite hostname="DESKTOP-T0QIQT9" failures="0" tests="1" name="Stepdef.Runner_Class" time="0.158" errors="0" timestamp="2023-07-07T10:28:25 IST" skipped="0">
  <testcase classname="Stepdef.Runner_Class" name="runScenario" time="0.158"/>
  <system-out/>
</testsuite> <!-- Stepdef.Runner_Class -->
